<?xml version="1.0" encoding="UTF-8"?>
<!-- Generated by org.testng.reporters.JUnitReportReporter -->
<testsuite hostname="MAVBCP3640" failures="0" tests="1" name="com.selenium.code.sessions.Robotexample" time="42.621" errors="0" timestamp="2021-10-08T11:46:54 IST" skipped="0">
  <testcase classname="com.selenium.code.sessions.Robotexample" name="robo" time="42.621"/>
  <system-out/>
</testsuite> <!-- com.selenium.code.sessions.Robotexample -->
