<?xml version="1.0" encoding="UTF-8"?>
<!-- Generated by org.testng.reporters.JUnitReportReporter -->
<testsuite hostname="MAVBCP3640" failures="0" tests="1" name="com.selenium.code.sessions.Carloan" time="0.010" errors="0" timestamp="2021-10-07T18:52:44 IST" skipped="0">
  <testcase classname="com.selenium.code.sessions.Carloan" name="carloan" time="0.010"/>
  <system-out/>
</testsuite> <!-- com.selenium.code.sessions.Carloan -->
