<?xml version="1.0" encoding="UTF-8"?>
<!-- Generated by org.testng.reporters.JUnitReportReporter -->
<testsuite hostname="MAVBCP3640" failures="0" tests="2" name="com.selenium.code.sessions.Recordscripts" time="41.657" errors="0" timestamp="2021-10-13T09:45:56 IST" skipped="0">
  <testcase classname="com.selenium.code.sessions.Recordscripts" name="testParameterWithXML" time="20.155"/>
  <system-out/>
  <testcase classname="com.selenium.code.sessions.Recordscripts" name="testParameterWithXML" time="21.502"/>
  <system-out/>
</testsuite> <!-- com.selenium.code.sessions.Recordscripts -->
