<?xml version="1.0" encoding="UTF-8"?>
<!-- Generated by org.testng.reporters.JUnitReportReporter -->
<testsuite hostname="MAVBCP3640" failures="0" tests="1" name="com.selenium.code.sessions.CallMainFunctions" time="15.775" errors="0" timestamp="2021-10-07T20:58:13 IST" skipped="0">
  <testcase classname="com.selenium.code.sessions.CallMainFunctions" name="LoginFunction" time="15.775"/>
  <system-out/>
</testsuite> <!-- com.selenium.code.sessions.CallMainFunctions -->
